<?xml version="1.0" encoding="UTF-8"?>
<!-- Generated by org.testng.reporters.JUnitReportReporter -->
<testsuite hostname="DESKTOP-S0N7UVA" failures="0" tests="1" name="TestNG.Activity1" time="9.111" errors="0" timestamp="2021-10-28T10:43:56 IST" skipped="0">
  <testcase classname="TestNG.Activity1" name="exampleTestCase" time="9.111"/>
  <system-out>
    <![CDATA[SuiteCRM]]>
  </system-out>
</testsuite> <!-- TestNG.Activity1 -->
