<?xml version="1.0" encoding="UTF-8"?>
<!-- Generated by org.testng.reporters.JUnitReportReporter -->
<testsuite hostname="DESKTOP-S0N7UVA" failures="0" tests="1" name="TestNG.NewTest" time="0.010" errors="0" timestamp="2021-10-20T09:21:36 IST" skipped="0">
  <testcase classname="TestNG.NewTest" name="f" time="0.010"/>
  <system-out/>
</testsuite> <!-- TestNG.NewTest -->
