<?xml version="1.0" encoding="UTF-8"?>
<!-- Generated by org.testng.reporters.JUnitReportReporter -->
<testsuite hostname="DESKTOP-S0N7UVA" failures="0" tests="1" name="Appium.Activity1" time="3.522" errors="0" timestamp="2021-11-09T09:35:14 IST" skipped="0">
  <testcase classname="Appium.Activity1" name="multiply" time="3.522"/>
  <system-out/>
</testsuite> <!-- Appium.Activity1 -->
