<?xml version="1.0" encoding="UTF-8"?>
<!-- Generated by org.testng.reporters.JUnitReportReporter -->
<testsuite hostname="DESKTOP-S0N7UVA" failures="0" tests="1" name="TestNG.Activity2" time="0.069" errors="0" timestamp="2021-10-28T10:43:56 IST" skipped="0">
  <testcase classname="TestNG.Activity2" name="testCase1" time="0.069"/>
  <system-out/>
</testsuite> <!-- TestNG.Activity2 -->
