<?xml version="1.0" encoding="UTF-8"?>
<!-- Generated by org.testng.reporters.JUnitReportReporter -->
<testsuite hostname="DESKTOP-S0N7UVA" failures="0" tests="1" name="TestNG.Activity5" time="5.602" errors="0" timestamp="2021-10-28T10:43:56 IST" skipped="0">
  <testcase classname="TestNG.Activity5" name="NavigationBarcolor" time="5.602"/>
  <system-out/>
</testsuite> <!-- TestNG.Activity5 -->
