<?xml version="1.0" encoding="UTF-8"?>
<!-- Generated by org.testng.reporters.JUnitReportReporter -->
<testsuite hostname="DESKTOP-S0N7UVA" failures="0" tests="1" name="TestNG.Activity6" time="6.867" errors="0" timestamp="2021-10-28T10:43:56 IST" skipped="0">
  <testcase classname="TestNG.Activity6" name="navTextActivity" time="6.867"/>
  <system-out/>
</testsuite> <!-- TestNG.Activity6 -->
