<?xml version="1.0" encoding="UTF-8"?>
<!-- Generated by org.testng.reporters.JUnitReportReporter -->
<testsuite hostname="DESKTOP-S0N7UVA" failures="0" tests="1" name="com.ibm.selenium.ActivityNG_1" time="13.367" errors="0" timestamp="2021-10-20T09:17:58 IST" skipped="0">
  <testcase classname="com.ibm.selenium.ActivityNG_1" name="exampleTestCase" time="13.367"/>
  <system-out/>
</testsuite> <!-- com.ibm.selenium.ActivityNG_1 -->
