<?xml version="1.0" encoding="UTF-8"?>
<!-- Generated by org.testng.reporters.JUnitReportReporter -->
<testsuite hostname="DESKTOP-S0N7UVA" failures="0" tests="1" name="TestNG.Activity7" time="7.446" errors="0" timestamp="2021-10-28T10:43:56 IST" skipped="0">
  <testcase classname="TestNG.Activity7" name="SalesLeadsMobileNumber" time="7.446"/>
  <system-out/>
</testsuite> <!-- TestNG.Activity7 -->
